<?xml version="1.0" encoding="UTF-8"?><testrun name="runnWith (1)" project="ExercicioCamisetas" tests="3" started="3" failures="2" errors="0" ignored="0">
  <testsuite name="lote.runners.runnWith" time="0.068" displayname="runnWith" uniqueid="[engine:junit-vintage]/[runner:lote.runners.runnWith]">
    <testsuite name="Produção de camisetas" time="0.068" uniqueid="[engine:junit-vintage]/[runner:lote.runners.runnWith]/[test:rO0ABXNyAClpby5jdWN1bWJlci5qdW5pdC5GZWF0dXJlUnVubmVyJEZlYXR1cmVJZAAAAAAAAAABAgABTAADdXJpdAAOTGphdmEvbmV0L1VSSTt4cHNyAAxqYXZhLm5ldC5VUkmsAXguQ55JqwMAAUwABnN0cmluZ3QAEkxqYXZhL2xhbmcvU3RyaW5nO3hwdAB7ZmlsZTovLy9EOi9Qcm9ncmFtYcOnw6NvL1dvcmtzcGFjZS9Xb3Jrc3BhY2UtRWNsaXBzZS9TRU5BSS9FeGVyY2ljaW9DYW1pc2V0YXMvc3JjL3Rlc3QvcmVzb3VyY2VzL2ZlYXR1cmVsb3RlY2FtaXNhcy5mZWF0dXJleA==]">
      <testcase name="Foram fabricados camisetas da cor azul" classname="Foram fabricados camisetas da cor azul" time="0.048" uniqueid="[engine:junit-vintage]/[runner:lote.runners.runnWith]/[test:rO0ABXNyAClpby5jdWN1bWJlci5qdW5pdC5GZWF0dXJlUnVubmVyJEZlYXR1cmVJZAAAAAAAAAABAgABTAADdXJpdAAOTGphdmEvbmV0L1VSSTt4cHNyAAxqYXZhLm5ldC5VUkmsAXguQ55JqwMAAUwABnN0cmluZ3QAEkxqYXZhL2xhbmcvU3RyaW5nO3hwdAB7ZmlsZTovLy9EOi9Qcm9ncmFtYcOnw6NvL1dvcmtzcGFjZS9Xb3Jrc3BhY2UtRWNsaXBzZS9TRU5BSS9FeGVyY2ljaW9DYW1pc2V0YXMvc3JjL3Rlc3QvcmVzb3VyY2VzL2ZlYXR1cmVsb3RlY2FtaXNhcy5mZWF0dXJleA==]/[test:rO0ABXNyAChpby5jdWN1bWJlci5qdW5pdC5QaWNrbGVSdW5uZXJzJFBpY2tsZUlkAAAAAAAAAAECAAJJAApwaWNrbGVMaW5lTAADdXJpdAAOTGphdmEvbmV0L1VSSTt4cAAAAAJzcgAMamF2YS5uZXQuVVJJrAF4LkOeSasDAAFMAAZzdHJpbmd0ABJMamF2YS9sYW5nL1N0cmluZzt4cHQAe2ZpbGU6Ly8vRDovUHJvZ3JhbWHDp8Ojby9Xb3Jrc3BhY2UvV29ya3NwYWNlLUVjbGlwc2UvU0VOQUkvRXhlcmNpY2lvQ2FtaXNldGFzL3NyYy90ZXN0L3Jlc291cmNlcy9mZWF0dXJlbG90ZWNhbWlzYXMuZmVhdHVyZXg=]"/>
      <testcase name="Foram fabricados camisetas da cor branco" classname="Foram fabricados camisetas da cor branco" time="0.014" uniqueid="[engine:junit-vintage]/[runner:lote.runners.runnWith]/[test:rO0ABXNyAClpby5jdWN1bWJlci5qdW5pdC5GZWF0dXJlUnVubmVyJEZlYXR1cmVJZAAAAAAAAAABAgABTAADdXJpdAAOTGphdmEvbmV0L1VSSTt4cHNyAAxqYXZhLm5ldC5VUkmsAXguQ55JqwMAAUwABnN0cmluZ3QAEkxqYXZhL2xhbmcvU3RyaW5nO3hwdAB7ZmlsZTovLy9EOi9Qcm9ncmFtYcOnw6NvL1dvcmtzcGFjZS9Xb3Jrc3BhY2UtRWNsaXBzZS9TRU5BSS9FeGVyY2ljaW9DYW1pc2V0YXMvc3JjL3Rlc3QvcmVzb3VyY2VzL2ZlYXR1cmVsb3RlY2FtaXNhcy5mZWF0dXJleA==]/[test:rO0ABXNyAChpby5jdWN1bWJlci5qdW5pdC5QaWNrbGVSdW5uZXJzJFBpY2tsZUlkAAAAAAAAAAECAAJJAApwaWNrbGVMaW5lTAADdXJpdAAOTGphdmEvbmV0L1VSSTt4cAAAAA1zcgAMamF2YS5uZXQuVVJJrAF4LkOeSasDAAFMAAZzdHJpbmd0ABJMamF2YS9sYW5nL1N0cmluZzt4cHQAe2ZpbGU6Ly8vRDovUHJvZ3JhbWHDp8Ojby9Xb3Jrc3BhY2UvV29ya3NwYWNlLUVjbGlwc2UvU0VOQUkvRXhlcmNpY2lvQ2FtaXNldGFzL3NyYy90ZXN0L3Jlc291cmNlcy9mZWF0dXJlbG90ZWNhbWlzYXMuZmVhdHVyZXg=]">
        <failure>
          <expected>30</expected>
          <actual>50</actual>
          org.opentest4j.AssertionFailedError: expected: &lt;30&gt; but was: &lt;50&gt;&#13;
	at org.junit.jupiter.api.AssertionFailureBuilder.build(AssertionFailureBuilder.java:151)&#13;
	at org.junit.jupiter.api.AssertionFailureBuilder.buildAndThrow(AssertionFailureBuilder.java:132)&#13;
	at org.junit.jupiter.api.AssertEquals.failNotEqual(AssertEquals.java:197)&#13;
	at org.junit.jupiter.api.AssertEquals.assertEquals(AssertEquals.java:150)&#13;
	at org.junit.jupiter.api.AssertEquals.assertEquals(AssertEquals.java:145)&#13;
	at org.junit.jupiter.api.Assertions.assertEquals(Assertions.java:528)&#13;
	at lote.steps.stepsLote.mudaOStatusDaProduçãoComoFinalizada(stepsLote.java:56)&#13;
	at ✽.Muda o status da produção como finalizada(file:///D:/Programação/Workspace/Workspace-Eclipse/SENAI/ExercicioCamisetas/src/test/resources/featurelotecamisas.feature:18)&#13;
&#13;

        </failure>
      </testcase>
      <testcase name="Foram fabricados camisetas da cor preta" classname="Foram fabricados camisetas da cor preta" time="0.006" uniqueid="[engine:junit-vintage]/[runner:lote.runners.runnWith]/[test:rO0ABXNyAClpby5jdWN1bWJlci5qdW5pdC5GZWF0dXJlUnVubmVyJEZlYXR1cmVJZAAAAAAAAAABAgABTAADdXJpdAAOTGphdmEvbmV0L1VSSTt4cHNyAAxqYXZhLm5ldC5VUkmsAXguQ55JqwMAAUwABnN0cmluZ3QAEkxqYXZhL2xhbmcvU3RyaW5nO3hwdAB7ZmlsZTovLy9EOi9Qcm9ncmFtYcOnw6NvL1dvcmtzcGFjZS9Xb3Jrc3BhY2UtRWNsaXBzZS9TRU5BSS9FeGVyY2ljaW9DYW1pc2V0YXMvc3JjL3Rlc3QvcmVzb3VyY2VzL2ZlYXR1cmVsb3RlY2FtaXNhcy5mZWF0dXJleA==]/[test:rO0ABXNyAChpby5jdWN1bWJlci5qdW5pdC5QaWNrbGVSdW5uZXJzJFBpY2tsZUlkAAAAAAAAAAECAAJJAApwaWNrbGVMaW5lTAADdXJpdAAOTGphdmEvbmV0L1VSSTt4cAAAABhzcgAMamF2YS5uZXQuVVJJrAF4LkOeSasDAAFMAAZzdHJpbmd0ABJMamF2YS9sYW5nL1N0cmluZzt4cHQAe2ZpbGU6Ly8vRDovUHJvZ3JhbWHDp8Ojby9Xb3Jrc3BhY2UvV29ya3NwYWNlLUVjbGlwc2UvU0VOQUkvRXhlcmNpY2lvQ2FtaXNldGFzL3NyYy90ZXN0L3Jlc291cmNlcy9mZWF0dXJlbG90ZWNhbWlzYXMuZmVhdHVyZXg=]">
        <failure>
          <expected>30</expected>
          <actual>15</actual>
          org.opentest4j.AssertionFailedError: expected: &lt;30&gt; but was: &lt;15&gt;&#13;
	at org.junit.jupiter.api.AssertionFailureBuilder.build(AssertionFailureBuilder.java:151)&#13;
	at org.junit.jupiter.api.AssertionFailureBuilder.buildAndThrow(AssertionFailureBuilder.java:132)&#13;
	at org.junit.jupiter.api.AssertEquals.failNotEqual(AssertEquals.java:197)&#13;
	at org.junit.jupiter.api.AssertEquals.assertEquals(AssertEquals.java:150)&#13;
	at org.junit.jupiter.api.AssertEquals.assertEquals(AssertEquals.java:145)&#13;
	at org.junit.jupiter.api.Assertions.assertEquals(Assertions.java:528)&#13;
	at lote.steps.stepsLote.mudaOStatusDaProduçãoComoFinalizada(stepsLote.java:56)&#13;
	at ✽.Muda o status da produção como finalizada(file:///D:/Programação/Workspace/Workspace-Eclipse/SENAI/ExercicioCamisetas/src/test/resources/featurelotecamisas.feature:29)&#13;
&#13;

        </failure>
      </testcase>
    </testsuite>
  </testsuite>
</testrun>
